# JRE version: Java(TM) SE Runtime Environment (21.0.8+12) (build 21.0.8+12-LTS-250)
# Java VM: Java HotSpot(TM) 64-Bit Server VM (21.0.8+12-LTS-250, mixed mode, sharing, tiered, compressed oops, compressed class ptrs, g1 gc, windows-amd64)
GC Precious Log:
 CardTable entry size: 512
 Card Set container configuration: InlinePtr #cards 5 size 8 Array Of Cards #cards 12 size 40 Howl #buckets 4 coarsen threshold 1843 Howl Bitmap #cards 512 size 80 coarsen threshold 460 Card regions per heap region 1 cards per card region 2048
 CPUs: 8 total, 8 available
 Memory: 3891M
 Large Page Support: Disabled
 NUMA Support: Disabled
 Compressed Oops: Enabled (32-bit)
 Heap Region Size: 1M
 Heap Min Capacity: 8M
 Heap Initial Capacity: 62M
 Heap Max Capacity: 974M
 Pre-touch: Disabled
 Parallel Workers: 8
 Concurrent Workers: 2
 Concurrent Refinement Workers: 8
 Periodic GC: Disabled
Heap:
 garbage-first heap   total 124928K, used 61643K [0x00000000c3200000, 0x0000000100000000)
  region size 1024K, 29 young (29696K), 3 survivors (3072K)
 Metaspace       used 78928K, committed 79680K, reserved 1179648K
  class space    used 10326K, committed 10688K, reserved 1048576K
GC Heap History (20 events):
Event: 4416.305 GC heap before
{Heap before GC invocations=45 (full 3):
 garbage-first heap   total 72704K, used 60555K [0x00000000c3200000, 0x0000000100000000)
  region size 1024K, 31 young (31744K), 4 survivors (4096K)
 Metaspace       used 77199K, committed 77952K, reserved 1179648K
  class space    used 10242K, committed 10560K, reserved 1048576K
}
Event: 4416.319 GC heap after
{Heap after GC invocations=46 (full 3):
 garbage-first heap   total 88064K, used 34774K [0x00000000c3200000, 0x0000000100000000)
  region size 1024K, 3 young (3072K), 3 survivors (3072K)
 Metaspace       used 77199K, committed 77952K, reserved 1179648K
  class space    used 10242K, committed 10560K, reserved 1048576K
}
Event: 4439.667 GC heap before
{Heap before GC invocations=46 (full 3):
 garbage-first heap   total 88064K, used 36822K [0x00000000c3200000, 0x0000000100000000)
  region size 1024K, 6 young (6144K), 3 survivors (3072K)
 Metaspace       used 77212K, committed 77952K, reserved 1179648K
  class space    used 10243K, committed 10560K, reserved 1048576K
}
Event: 4440.477 GC heap after
{Heap after GC invocations=47 (full 4):
 garbage-first heap   total 88064K, used 28664K [0x00000000c3200000, 0x0000000100000000)
  region size 1024K, 0 young (0K), 0 survivors (0K)
 Metaspace       used 77125K, committed 77952K, reserved 1179648K
  class space    used 10224K, committed 10560K, reserved 1048576K
}
Event: 4444.999 GC heap before
{Heap before GC invocations=47 (full 4):
 garbage-first heap   total 88064K, used 70648K [0x00000000c3200000, 0x0000000100000000)
  region size 1024K, 41 young (41984K), 0 survivors (0K)
 Metaspace       used 77259K, committed 77952K, reserved 1179648K
  class space    used 10231K, committed 10560K, reserved 1048576K
}
Event: 4445.134 GC heap after
{Heap after GC invocations=48 (full 4):
 garbage-first heap   total 88064K, used 32666K [0x00000000c3200000, 0x0000000100000000)
  region size 1024K, 4 young (4096K), 4 survivors (4096K)
 Metaspace       used 77259K, committed 77952K, reserved 1179648K
  class space    used 10231K, committed 10560K, reserved 1048576K
}
Event: 4446.368 GC heap before
{Heap before GC invocations=49 (full 4):
 garbage-first heap   total 88064K, used 72602K [0x00000000c3200000, 0x0000000100000000)
  region size 1024K, 43 young (44032K), 4 survivors (4096K)
 Metaspace       used 77510K, committed 78208K, reserved 1179648K
  class space    used 10244K, committed 10624K, reserved 1048576K
}
Event: 4446.380 GC heap after
{Heap after GC invocations=50 (full 4):
 garbage-first heap   total 88064K, used 34926K [0x00000000c3200000, 0x0000000100000000)
  region size 1024K, 3 young (3072K), 3 survivors (3072K)
 Metaspace       used 77510K, committed 78208K, reserved 1179648K
  class space    used 10244K, committed 10624K, reserved 1048576K
}
Event: 5003.304 GC heap before
{Heap before GC invocations=50 (full 4):
 garbage-first heap   total 88064K, used 59502K [0x00000000c3200000, 0x0000000100000000)
  region size 1024K, 28 young (28672K), 3 survivors (3072K)
 Metaspace       used 77728K, committed 78528K, reserved 1179648K
  class space    used 10257K, committed 10624K, reserved 1048576K
}
Event: 5004.377 GC heap after
{Heap after GC invocations=51 (full 5):
 garbage-first heap   total 88064K, used 29079K [0x00000000c3200000, 0x0000000100000000)
  region size 1024K, 0 young (0K), 0 survivors (0K)
 Metaspace       used 77709K, committed 78528K, reserved 1179648K
  class space    used 10255K, committed 10624K, reserved 1048576K
}
Event: 5007.409 GC heap before
{Heap before GC invocations=51 (full 5):
 garbage-first heap   total 88064K, used 73111K [0x00000000c3200000, 0x0000000100000000)
  region size 1024K, 43 young (44032K), 0 survivors (0K)
 Metaspace       used 77885K, committed 78656K, reserved 1179648K
  class space    used 10268K, committed 10624K, reserved 1048576K
}
Event: 5007.433 GC heap after
{Heap after GC invocations=52 (full 5):
 garbage-first heap   total 88064K, used 33433K [0x00000000c3200000, 0x0000000100000000)
  region size 1024K, 5 young (5120K), 5 survivors (5120K)
 Metaspace       used 77885K, committed 78656K, reserved 1179648K
  class space    used 10268K, committed 10624K, reserved 1048576K
}
Event: 5008.432 GC heap before
{Heap before GC invocations=53 (full 5):
 garbage-first heap   total 88064K, used 74393K [0x00000000c3200000, 0x0000000100000000)
  region size 1024K, 45 young (46080K), 5 survivors (5120K)
 Metaspace       used 78156K, committed 78848K, reserved 1179648K
  class space    used 10279K, committed 10624K, reserved 1048576K
}
Event: 5008.444 GC heap after
{Heap after GC invocations=54 (full 5):
 garbage-first heap   total 88064K, used 35696K [0x00000000c3200000, 0x0000000100000000)
  region size 1024K, 3 young (3072K), 3 survivors (3072K)
 Metaspace       used 78156K, committed 78848K, reserved 1179648K
  class space    used 10279K, committed 10624K, reserved 1048576K
}
Event: 5088.969 GC heap before
{Heap before GC invocations=54 (full 5):
 garbage-first heap   total 88064K, used 44912K [0x00000000c3200000, 0x0000000100000000)
  region size 1024K, 13 young (13312K), 3 survivors (3072K)
 Metaspace       used 78370K, committed 79104K, reserved 1179648K
  class space    used 10292K, committed 10624K, reserved 1048576K
}
Event: 5090.114 GC heap after
{Heap after GC invocations=55 (full 6):
 garbage-first heap   total 88064K, used 29353K [0x00000000c3200000, 0x0000000100000000)
  region size 1024K, 0 young (0K), 0 survivors (0K)
 Metaspace       used 78351K, committed 79104K, reserved 1179648K
  class space    used 10290K, committed 10624K, reserved 1048576K
}
Event: 5095.284 GC heap before
{Heap before GC invocations=55 (full 6):
 garbage-first heap   total 88064K, used 71337K [0x00000000c3200000, 0x0000000100000000)
  region size 1024K, 42 young (43008K), 0 survivors (0K)
 Metaspace       used 78489K, committed 79232K, reserved 1179648K
  class space    used 10302K, committed 10624K, reserved 1048576K
}
Event: 5095.302 GC heap after
{Heap after GC invocations=56 (full 6):
 garbage-first heap   total 88064K, used 33619K [0x00000000c3200000, 0x0000000100000000)
  region size 1024K, 5 young (5120K), 5 survivors (5120K)
 Metaspace       used 78489K, committed 79232K, reserved 1179648K
  class space    used 10302K, committed 10624K, reserved 1048576K
}
Event: 5095.904 GC heap before
{Heap before GC invocations=57 (full 6):
 garbage-first heap   total 88064K, used 72531K [0x00000000c3200000, 0x0000000100000000)
  region size 1024K, 44 young (45056K), 5 survivors (5120K)
 Metaspace       used 78727K, committed 79488K, reserved 1179648K
  class space    used 10314K, committed 10688K, reserved 1048576K
}
Event: 5095.920 GC heap after
{Heap after GC invocations=58 (full 6):
 garbage-first heap   total 124928K, used 36043K [0x00000000c3200000, 0x0000000100000000)
  region size 1024K, 3 young (3072K), 3 survivors (3072K)
 Metaspace       used 78727K, committed 79488K, reserved 1179648K
  class space    used 10314K, committed 10688K, reserved 1048576K
}

